<?xml version="1.0" encoding="UTF-8"?>
<!-- Generated by org.testng.reporters.JUnitReportReporter -->
<testsuite hostname="DESKTOP-HM6510B" failures="0" tests="1" name="seleniumtests.SimpleTest" time="10.850" errors="0" timestamp="2023-09-15T14:03:43 IST" skipped="0">
  <testcase classname="seleniumtests.SimpleTest" name="verifyTitle" time="10.850"/>
  <system-out/>
</testsuite> <!-- seleniumtests.SimpleTest -->
